[05:23:21.966][INFO][CraftTweaker-EarlyInit]: CraftTweaker is running on a Minecraft 1.20.1 production server modded with platform Forge
[05:23:21.981][INFO][CraftTweaker-EarlyInit]: Successfully injected RecipeFS file system
[05:23:22.057][INFO][CraftTweaker-Plugins]: Successfully identified and loaded plugin crafttweaker:builtin
[05:23:22.059][INFO][CraftTweaker-Plugins]: Successfully identified and loaded plugin crafttweaker:builtin_forge
[05:23:23.384][INFO][CraftTweaker]: The following mods have explicit CraftTweaker support through the default plugin:
[05:23:23.385][INFO][CraftTweaker]: - 'aether' at version '1.20.1-1.5.1-neoforge'
[05:23:23.385][INFO][CraftTweaker]: - 'crafttweaker' at version '14.0.44'
[05:23:43.586][INFO][CraftTweaker-ZenCode]: Started loading scripts for loader 'initialize'
[05:23:44.684][INFO][CraftTweaker-ZenCode]: Compiling and executing scripts
[05:23:44.784][INFO][CraftTweaker-ZenCode]: Successfully initialized modules [crafttweaker, expansions]
[05:23:45.172][INFO][CraftTweaker-ZenCode]: Execution for loader 'initialize' completed successfully
[05:24:30.364][INFO][CraftTweaker-ZenCode]: Started loading scripts for loader 'tags'
[05:24:30.465][INFO][CraftTweaker-ZenCode]: Compiling and executing scripts
[05:24:30.527][INFO][CraftTweaker-ZenCode]: Successfully initialized modules [crafttweaker, expansions]
[05:24:30.551][INFO][CraftTweaker-ZenCode]: Execution for loader 'tags' completed successfully
[05:24:33.465][INFO][CraftTweaker]: crafttweaker.reload.start
[05:24:33.475][INFO][CraftTweaker-ZenCode]: Started loading scripts for loader 'crafttweaker'
[05:24:33.510][INFO][CraftTweaker-ZenCode]: Compiling and executing scripts
[05:24:34.177][INFO][CraftTweaker-ZenCode]: Successfully initialized modules [mods, crafttweaker, expansions]
[05:24:34.207][INFO][CraftTweaker-ZenCode]: Execution for loader 'crafttweaker' completed successfully
[05:24:34.210][INFO][CraftTweaker]: crafttweaker.reload.complete
