[03:08:50] [main/INFO]: Loading Minecraft 1.20.1 with Fabric Loader 0.16.3
[03:08:50] [main/INFO]: Loading 4 mods:
	- fabricloader 0.16.3
	   \-- mixinextras 0.4.1
	- java 17
	- minecraft 1.20.1
[03:08:50] [main/INFO]: SpongePowered MIXIN Subsystem Version=0.8.7 Source=file:/workspaces/MSP-2.5/servidor_minecraft/libraries/net/fabricmc/sponge-mixin/0.15.2+mixin.0.8.7/sponge-mixin-0.15.2+mixin.0.8.7.jar Service=Knot/Fabric Env=SERVER
[03:08:58] [main/INFO]: Environment: authHost='https://authserver.mojang.com', accountsHost='https://api.mojang.com', sessionHost='https://sessionserver.mojang.com', servicesHost='https://api.minecraftservices.com', name='PROD'
[03:09:01] [main/INFO]: Loaded 7 recipes
[03:09:01] [main/INFO]: Loaded 1271 advancements
[03:09:02] [Server thread/INFO]: Starting minecraft server version 1.20.1
[03:09:02] [Server thread/INFO]: Loading properties
[03:09:02] [Server thread/INFO]: Default game type: SURVIVAL
[03:09:02] [Server thread/INFO]: Generating keypair
[03:09:02] [Server thread/INFO]: Starting Minecraft server on *:25565
[03:09:02] [Server thread/INFO]: Using epoll channel type
[03:09:02] [Server thread/WARN]: **** SERVER IS RUNNING IN OFFLINE/INSECURE MODE!
[03:09:02] [Server thread/WARN]: The server will make no attempt to authenticate usernames. Beware.
[03:09:02] [Server thread/WARN]: While this makes the game possible to play without internet access, it also opens up the ability for hackers to connect with any username they choose.
[03:09:02] [Server thread/WARN]: To change this, set "online-mode" to "true" in the server.properties file.
[03:09:02] [Server thread/INFO]: Preparing level "world"
[03:09:14] [Server thread/INFO]: Preparing start region for dimension minecraft:overworld
[03:09:16] [Worker-Main-1/INFO]: Preparing spawn area: 0%
[03:09:16] [Worker-Main-1/INFO]: Preparing spawn area: 0%
[03:09:16] [Worker-Main-1/INFO]: Preparing spawn area: 0%
[03:09:16] [Worker-Main-1/INFO]: Preparing spawn area: 0%
[03:09:16] [Worker-Main-1/INFO]: Preparing spawn area: 0%
[03:09:17] [Worker-Main-1/INFO]: Preparing spawn area: 0%
[03:09:18] [Worker-Main-1/INFO]: Preparing spawn area: 0%
[03:09:18] [Worker-Main-1/INFO]: Preparing spawn area: 0%
[03:09:19] [Worker-Main-1/INFO]: Preparing spawn area: 0%
[03:09:19] [Worker-Main-1/INFO]: Preparing spawn area: 0%
[03:09:19] [Worker-Main-1/INFO]: Preparing spawn area: 0%
[03:09:20] [Worker-Main-1/INFO]: Preparing spawn area: 0%
[03:09:20] [Worker-Main-1/INFO]: Preparing spawn area: 0%
[03:09:21] [Worker-Main-1/INFO]: Preparing spawn area: 0%
[03:09:21] [Worker-Main-1/INFO]: Preparing spawn area: 0%
[03:09:22] [Worker-Main-1/INFO]: Preparing spawn area: 0%
[03:09:22] [Worker-Main-1/INFO]: Preparing spawn area: 0%
[03:09:23] [Worker-Main-1/INFO]: Preparing spawn area: 0%
[03:09:23] [Worker-Main-1/INFO]: Preparing spawn area: 0%
[03:09:24] [Worker-Main-1/INFO]: Preparing spawn area: 0%
[03:09:25] [Worker-Main-1/INFO]: Preparing spawn area: 0%
[03:09:25] [Worker-Main-1/INFO]: Preparing spawn area: 0%
[03:09:25] [Worker-Main-1/INFO]: Preparing spawn area: 0%
[03:09:26] [Worker-Main-1/INFO]: Preparing spawn area: 0%
[03:09:26] [Worker-Main-1/INFO]: Preparing spawn area: 0%
[03:09:27] [Worker-Main-1/INFO]: Preparing spawn area: 0%
[03:09:27] [Worker-Main-1/INFO]: Preparing spawn area: 0%
[03:09:28] [Worker-Main-1/INFO]: Preparing spawn area: 0%
[03:09:28] [Worker-Main-1/INFO]: Preparing spawn area: 0%
[03:09:29] [Worker-Main-1/INFO]: Preparing spawn area: 0%
[03:09:29] [Worker-Main-1/INFO]: Preparing spawn area: 0%
[03:09:30] [Worker-Main-1/INFO]: Preparing spawn area: 0%
[03:09:30] [Worker-Main-1/INFO]: Preparing spawn area: 0%
[03:09:31] [Worker-Main-1/INFO]: Preparing spawn area: 0%
[03:09:31] [Worker-Main-1/INFO]: Preparing spawn area: 0%
[03:09:32] [Worker-Main-1/INFO]: Preparing spawn area: 0%
[03:09:32] [Worker-Main-1/INFO]: Preparing spawn area: 0%
[03:09:33] [Worker-Main-1/INFO]: Preparing spawn area: 0%
[03:09:33] [Worker-Main-1/INFO]: Preparing spawn area: 0%
[03:09:34] [Worker-Main-1/INFO]: Preparing spawn area: 0%
[03:09:34] [Worker-Main-1/INFO]: Preparing spawn area: 0%
[03:09:35] [Worker-Main-1/INFO]: Preparing spawn area: 0%
[03:09:35] [Worker-Main-1/INFO]: Preparing spawn area: 0%
[03:09:36] [Worker-Main-1/INFO]: Preparing spawn area: 0%
[03:09:36] [Worker-Main-1/INFO]: Preparing spawn area: 0%
[03:09:37] [Worker-Main-1/INFO]: Preparing spawn area: 0%
[03:09:37] [Worker-Main-1/INFO]: Preparing spawn area: 0%
[03:09:38] [Worker-Main-1/INFO]: Preparing spawn area: 0%
[03:09:38] [Worker-Main-1/INFO]: Preparing spawn area: 0%
[03:09:39] [Worker-Main-1/INFO]: Preparing spawn area: 0%
[03:09:39] [Worker-Main-1/INFO]: Preparing spawn area: 0%
[03:09:41] [Worker-Main-1/INFO]: Preparing spawn area: 0%
[03:09:41] [Worker-Main-1/INFO]: Preparing spawn area: 0%
[03:09:41] [Worker-Main-1/INFO]: Preparing spawn area: 0%
[03:09:41] [Worker-Main-1/INFO]: Preparing spawn area: 0%
[03:09:42] [Worker-Main-1/INFO]: Preparing spawn area: 0%
[03:09:42] [Worker-Main-1/INFO]: Preparing spawn area: 0%
[03:09:43] [Worker-Main-1/INFO]: Preparing spawn area: 0%
[03:09:43] [Worker-Main-1/INFO]: Preparing spawn area: 0%
[03:09:44] [Worker-Main-1/INFO]: Preparing spawn area: 0%
[03:09:44] [Worker-Main-1/INFO]: Preparing spawn area: 0%
[03:09:45] [Worker-Main-1/INFO]: Preparing spawn area: 0%
[03:09:45] [Worker-Main-1/INFO]: Preparing spawn area: 0%
[03:09:46] [Worker-Main-1/INFO]: Preparing spawn area: 0%
[03:09:46] [Worker-Main-1/INFO]: Preparing spawn area: 0%
[03:09:47] [Worker-Main-1/INFO]: Preparing spawn area: 0%
[03:09:47] [Worker-Main-1/INFO]: Preparing spawn area: 0%
[03:09:48] [Worker-Main-1/INFO]: Preparing spawn area: 0%
[03:09:48] [Worker-Main-1/INFO]: Preparing spawn area: 0%
[03:09:49] [Worker-Main-1/INFO]: Preparing spawn area: 0%
[03:09:49] [Worker-Main-1/INFO]: Preparing spawn area: 0%
[03:09:50] [Worker-Main-1/INFO]: Preparing spawn area: 0%
[03:09:50] [Worker-Main-1/INFO]: Preparing spawn area: 0%
[03:09:51] [Worker-Main-1/INFO]: Preparing spawn area: 0%
[03:09:51] [Worker-Main-1/INFO]: Preparing spawn area: 0%
[03:09:52] [Worker-Main-1/INFO]: Preparing spawn area: 0%
[03:09:52] [Worker-Main-1/INFO]: Preparing spawn area: 0%
[03:09:53] [Worker-Main-1/INFO]: Preparing spawn area: 0%
[03:09:53] [Worker-Main-1/INFO]: Preparing spawn area: 0%
[03:09:54] [Worker-Main-1/INFO]: Preparing spawn area: 0%
[03:09:54] [Worker-Main-1/INFO]: Preparing spawn area: 0%
[03:09:55] [Worker-Main-1/INFO]: Preparing spawn area: 0%
[03:09:55] [Worker-Main-1/INFO]: Preparing spawn area: 0%
[03:09:56] [Worker-Main-1/INFO]: Preparing spawn area: 0%
[03:09:56] [Worker-Main-1/INFO]: Preparing spawn area: 0%
[03:09:57] [Worker-Main-1/INFO]: Preparing spawn area: 0%
[03:09:57] [Worker-Main-1/INFO]: Preparing spawn area: 0%
[03:09:58] [Worker-Main-1/INFO]: Preparing spawn area: 0%
[03:09:58] [Worker-Main-1/INFO]: Preparing spawn area: 0%
[03:09:59] [Worker-Main-1/INFO]: Preparing spawn area: 0%
[03:09:59] [Worker-Main-1/INFO]: Preparing spawn area: 0%
[03:10:00] [Worker-Main-1/INFO]: Preparing spawn area: 0%
[03:10:00] [Worker-Main-1/INFO]: Preparing spawn area: 0%
[03:10:01] [Worker-Main-1/INFO]: Preparing spawn area: 0%
[03:10:02] [Worker-Main-1/INFO]: Preparing spawn area: 4%
[03:10:02] [Worker-Main-1/INFO]: Preparing spawn area: 4%
[03:10:02] [Worker-Main-1/INFO]: Preparing spawn area: 54%
[03:10:03] [Worker-Main-1/INFO]: Preparing spawn area: 75%
[03:10:04] [Server thread/INFO]: Time elapsed: 49734 ms
[03:10:04] [Server thread/INFO]: Done (62.072s)! For help, type "help"
[03:12:08] [Server thread/INFO]: JinIsDead[/127.175.29.122:46331] logged in with entity id 386 at (-21.5, 116.0, -43.5)
[03:12:08] [Server thread/INFO]: JinIsDead joined the game
[03:12:09] [Server thread/INFO]: JinIsDead lost connection: Disconnected
[03:12:09] [Server thread/INFO]: JinIsDead left the game
[03:12:31] [Server thread/INFO]: JinIsDead[/127.175.29.122:33049] logged in with entity id 390 at (-21.5, 116.0, -43.5)
[03:12:31] [Server thread/INFO]: JinIsDead joined the game
[03:12:31] [Server thread/INFO]: JinIsDead lost connection: Disconnected
[03:12:31] [Server thread/INFO]: JinIsDead left the game
[03:12:38] [Server thread/INFO]: FunnyManchas[/127.124.20.0:43663] logged in with entity id 400 at (-5.5, 113.0, -43.5)
[03:12:38] [Server thread/INFO]: FunnyManchas joined the game
[03:12:39] [Server thread/INFO]: FunnyManchas lost connection: Disconnected
[03:12:39] [Server thread/INFO]: FunnyManchas left the game
[03:12:52] [Server thread/INFO]: FunnyManchas[/127.124.20.0:53633] logged in with entity id 413 at (-5.5, 113.0, -43.5)
[03:12:52] [Server thread/INFO]: FunnyManchas joined the game
[03:12:53] [Server thread/INFO]: FunnyManchas lost connection: Disconnected
[03:12:53] [Server thread/INFO]: FunnyManchas left the game
[03:13:04] [Server thread/INFO]: FunnyManchas[/127.124.20.0:59983] logged in with entity id 431 at (-5.5, 113.0, -43.5)
[03:13:04] [Server thread/INFO]: FunnyManchas joined the game
[03:13:04] [Server thread/INFO]: FunnyManchas lost connection: Disconnected
[03:13:04] [Server thread/INFO]: FunnyManchas left the game
[03:13:06] [Server thread/INFO]: FunnyManchas[/127.124.20.0:54963] logged in with entity id 444 at (-5.5, 113.0, -43.5)
[03:13:06] [Server thread/INFO]: FunnyManchas joined the game
[03:13:06] [Server thread/INFO]: FunnyManchas lost connection: Disconnected
[03:13:06] [Server thread/INFO]: FunnyManchas left the game
[03:13:08] [Server thread/INFO]: FunnyManchas[/127.124.20.0:47345] logged in with entity id 462 at (-5.5, 113.0, -43.5)
[03:13:08] [Server thread/INFO]: FunnyManchas joined the game
[03:13:09] [Server thread/INFO]: FunnyManchas lost connection: Disconnected
[03:13:09] [Server thread/INFO]: FunnyManchas left the game
